rm -f  /usr/hdp/3.1.0.0-78/hadoop/hadoop-common-3.1.1.3.1.0.0-78.jar
rm -f  /usr/hdp/3.1.0.0-78/hadoop-hdfs/hadoop-hdfs-3.1.1.3.1.0.0-78.jar
rm -f  /usr/hdp/3.1.0.0-78/hadoop-hdfs/hadoop-hdfs-client-3.1.1.3.1.0.0-78.jar

mv  hadoop-common-3.1.1.3.1.0.0-78.jar /usr/hdp/3.1.0.0-78/hadoop/
mv  hadoop-hdfs-3.1.1.3.1.0.0-78.jar   /usr/hdp/3.1.0.0-78/hadoop-hdfs/
mv  hadoop-hdfs-client-3.1.1.3.1.0.0-78.jar /usr/hdp/3.1.0.0-78/hadoop-hdfs/


export HADOOP_HEAPSIZE=20480
export HADOOP_NAMENODE_INIT_HEAPSIZE="20480"
export HADOOP_CLIENT_OPTS="-Xmx20g"

-----------------------run jar log
nohup  hadoop jar /home/liangrui/hdfs-client-op-1.0-SNAPSHOT.jar ec.CheckFiles /user/hdev/ec_file/yy_mbsdkinstall_total_original_history.txt  > yy_mbsdkinstall_total_original_history.log 2>&1 &
nohup  hadoop jar /home/liangrui/hdfs-client-op-1.0-SNAPSHOT.jar ec.CheckFiles /user/hdev/ec_file/yy_mbsdkdo_original.txt  > yy_mbsdkdo_original.log 2>&1 &
nohup  hadoop jar /home/liangrui/hdfs-client-op-1.0-SNAPSHOT.jar ec.CheckFiles /user/hdev/ec_file/yy_webyyanalysish5_original.txt  > yy_webyyanalysish5_original.log 2>&1 &
---20240618
nohup  hadoop jar /home/liangrui/hdfs-client-op-1.0-SNAPSHOT.jar ec.CheckFiles /user/hdev/ec_file/yy_webavpuserinfo_original_orc.txt  > yy_webavpuserinfo_original_orc.log 2>&1 &
nohup  hadoop jar /home/liangrui/hdfs-client-op-1.0-SNAPSHOT.jar ec.CheckFiles /user/hdev/ec_file/yy_udblglog_original.txt  > yy_udblglog_original.log 2>&1 &
nohup  hadoop jar /home/liangrui/hdfs-client-op-1.0-SNAPSHOT.jar ec.CheckFiles /user/hdev/ec_file/yy_sjyytoprecomm_original.txt  > yy_sjyytoprecomm_original.log 2>&1 &
nohup  hadoop jar /home/liangrui/hdfs-client-op-1.0-SNAPSHOT.jar ec.CheckFiles /user/hdev/ec_file/yy_sjyychndo_original.txt  > yy_sjyychndo_original.log 2>&1 &
----20240619
nohup  hadoop jar /home/liangrui/hdfs-client-op-1.0-SNAPSHOT.jar ec.CheckFiles /user/hdev/ec_file/yy_sjyyappdo_original.txt  > yy_sjyyappdo_original.log 2>&1 &
nohup  hadoop jar /home/liangrui/hdfs-client-op-1.0-SNAPSHOT.jar ec.CheckFiles /user/hdev/ec_file/yy_pushsend_original.txt  > yy_pushsend_original.log 2>&1 &
nohup  hadoop jar /home/liangrui/hdfs-client-op-1.0-SNAPSHOT.jar ec.CheckFiles /user/hdev/ec_file/yy_pushevent_original.txt  > yy_pushevent_original.log 2>&1 &
nohup  hadoop jar /home/liangrui/hdfs-client-op-1.0-SNAPSHOT.jar ec.CheckFiles /user/hdev/ec_file/yy_mbsdksuccess_original.txt  > yy_mbsdksuccess_original.log 2>&1 &
nohup  hadoop jar /home/liangrui/hdfs-client-op-1.0-SNAPSHOT.jar ec.CheckFiles /user/hdev/ec_file/yy_mbsdkpagestate_original.txt  > yy_mbsdkpagestate_original.log 2>&1 &
nohup  hadoop jar /home/liangrui/hdfs-client-op-1.0-SNAPSHOT.jar ec.CheckFiles /user/hdev/ec_file/yy_mbsdkpage_original.txt  > yy_mbsdkpage_original.log 2>&1 &
nohup  hadoop jar /home/liangrui/hdfs-client-op-1.0-SNAPSHOT.jar ec.CheckFiles /user/hdev/ec_file/yy_mbsdkquality_original.txt  > yy_mbsdkquality_original.log 2>&1 &
--20240620
nohup  hadoop jar /home/liangrui/hdfs-client-op-1.0-SNAPSHOT.jar ec.CheckFiles /user/hdev/ec_file/pub_dw_db_yysdk_dwv_event_mob_detail_hi.txt  > pub_dw_db_yysdk_dwv_event_mob_detail_hi.log 2>&1 &
nohup  hadoop jar /home/liangrui/hdfs-client-op-1.0-SNAPSHOT.jar ec.CheckFiles /user/hdev/ec_file/yydw_db_yy_dwv_abtest_srv_eqmt_expt_event_di.txt  > yydw_db_yy_dwv_abtest_srv_eqmt_expt_event_di.log 2>&1 &
nohup  hadoop jar /home/liangrui/hdfs-client-op-1.0-SNAPSHOT.jar ec.CheckFiles /user/hdev/ec_file/yydw_db_ods_user_uinfo_all_day.txt  > yydw_db_ods_user_uinfo_all_day.log 2>&1 &
nohup  hadoop jar /home/liangrui/hdfs-client-op-1.0-SNAPSHOT.jar ec.CheckFiles /user/hdev/ec_file/yydw_db_ods_udb_user_other_info_all_day.txt  > yydw_db_ods_udb_user_other_info_all_day.log 2>&1 &
nohup  hadoop jar /home/liangrui/hdfs-client-op-1.0-SNAPSHOT.jar ec.CheckFiles /user/hdev/ec_file/yydw_db_yy_dm_hompage_aid_select_delta_info.txt  > yydw_db_yy_dm_hompage_aid_select_delta_info.log 2>&1 &
---






-------touch
hdfs dfs -ls hdfs://yycluster06/hive_warehouse/ec_check_list/hiidodw_db_yy_webyyanalysish5_original
hdfs dfs -touch hdfs://yycluster06/hive_warehouse/ec_check_list/hiidodw_db_yy_webyyanalysish5_original
hdfs dfs -touch hdfs://yycluster06/hive_warehouse/ec_check_list/hiidodw_db_yy_yyabtestactivateact_original
hdfs dfs -touch hdfs://yycluster06/hive_warehouse/ec_check_list/hiidodw_db_yy_yysignalserviceboradcast_original
hdfs dfs -touch hdfs://yycluster06/hive_warehouse/ec_check_list/hiidosdk_db_yy_mbsdkdo_original
hdfs dfs -touch hdfs://yycluster06/hive_warehouse/ec_check_list/hiidosdk_db_yy_mbsdkinstall_total_original_history
hdfs dfs -touch hdfs://yycluster06/hive_warehouse/ec_check_list/hiidodw_db_yy_sjyychndo_original
hdfs dfs -touch hdfs://yycluster06/hive_warehouse/ec_check_list/hiidodw_db_yy_sjyytoprecomm_original
hdfs dfs -touch hdfs://yycluster06/hive_warehouse/ec_check_list/hiidodw_db_yy_udblglog_original
hdfs dfs -touch hdfs://yycluster06/hive_warehouse/ec_check_list/hiidodw_db_yy_webavpuserinfo_original_orc
---
hdfs dfs -touch hdfs://yycluster06/hive_warehouse/ec_check_list/hiidodw_db_yy_sjyyappdo_original
hdfs dfs -touch hdfs://yycluster06/hive_warehouse/ec_check_list/hiidodw_db_yy_pushsend_original
hdfs dfs -touch hdfs://yycluster06/hive_warehouse/ec_check_list/hiidodw_db_yy_pushevent_original
hdfs dfs -touch hdfs://yycluster06/hive_warehouse/ec_check_list/hiidodw_db_yy_mbsdksuccess_original
hdfs dfs -touch hdfs://yycluster06/hive_warehouse/ec_check_list/hiidodw_db_yy_mbsdkpagestate_original
hdfs dfs -touch hdfs://yycluster06/hive_warehouse/ec_check_list/hiidodw_db_yy_mbsdkpage_original
hdfs dfs -touch  hdfs://yycluster06/hive_warehouse/ec_check_list/hiidodw_db_yy_mbsdkquality_original
--
hdfs dfs -touch  hdfs://yycluster06/hive_warehouse/ec_check_list/pub_dw_db_yysdk_dwv_event_mob_detail_hi
hdfs dfs -touch  hdfs://yycluster06/hive_warehouse/ec_check_list/yydw_db_yy_dwv_abtest_srv_eqmt_expt_event_di
hdfs dfs -touch  hdfs://yycluster06/hive_warehouse/ec_check_list/yydw_db_ods_user_uinfo_all_day
hdfs dfs -touch  hdfs://yycluster06/hive_warehouse/ec_check_list/yydw_db_ods_udb_user_other_info_all_day
hdfs dfs -touch  hdfs://yycluster06/hive_warehouse/ec_check_list/yydw_db_yy_dm_hompage_aid_select_delta_info


----result
hdfs dfs -get hdfs://yycluster06/user/hdev/ec_file_error/202406/*


---
cat yy_yyabtestactivateact_original.txt_error.txt | grep 'EC compute result not match'  | awk -F '===' '{print $1}' > ../line_file/yy_yyabtestactivateact_original.txt_error.txt
cat yy_webyyanalysish5_original.txt_error.txt | grep 'EC compute result not match'  | awk -F '===' '{print $1}' > ../line_file/yy_webyyanalysish5_original.txt_error.txt
cat yy_mbsdkinstall_total_original_history.txt_error.txt | grep 'EC compute result not match'  | awk -F '===' '{print $1}' > ../line_file/yy_mbsdkinstall_total_original_history.txt_error.txt
cat yy_mbsdkdo_original.txt_error.txt | grep 'EC compute result not match'  | awk -F '===' '{print $1}' > ../line_file/yy_mbsdkdo_original.txt_error.txt
--
cat yy_sjyychndo_original.txt_error.txt | grep 'EC compute result not match'  | awk -F '===' '{print $1}' > ../line_file/yy_sjyychndo_original.txt_error.txt





